21-04-2023 22:23:55.591 [main] INFO  m.p.s.DotenvPropertySource.addToEnvironment - Initializing Dotenv with DotenvConfig{directory=null, filename=null, ignoreIfMalformed=false, ignoreIfMissing=true, systemProperties=false, prefix=null}
21-04-2023 22:23:55.641 [main] INFO  ai.openfabric.api.Application.logStarting - Starting Application using Java 11.0.17 on Kachi with PID 39232 (C:\Users\eonye\OneDrive\Desktop\Essentials\workspace\openfabric-test\openfabric-api\build\classes\java\main started by eonye in C:\Users\eonye\OneDrive\Desktop\Essentials\workspace\openfabric-test)
21-04-2023 22:23:55.642 [main] INFO  ai.openfabric.api.Application.logStartupProfileInfo - The following 2 profiles are active: "base", "local"
21-04-2023 22:23:57.618 [main] INFO  o.s.d.r.c.RepositoryConfigurationDelegate.registerRepositoriesIn - Bootstrapping Spring Data JPA repositories in DEFAULT mode.
21-04-2023 22:23:57.733 [main] INFO  o.s.d.r.c.RepositoryConfigurationDelegate.registerRepositoriesIn - Finished Spring Data repository scanning in 99 ms. Found 1 JPA repository interfaces.
21-04-2023 22:23:59.441 [main] INFO  o.s.b.w.e.tomcat.TomcatWebServer.initialize - Tomcat initialized with port(s): 8080 (http)
21-04-2023 22:23:59.459 [main] INFO  o.a.coyote.http11.Http11NioProtocol.log - Initializing ProtocolHandler ["http-nio-8080"]
21-04-2023 22:23:59.460 [main] INFO  o.a.catalina.core.StandardService.log - Starting service [Tomcat]
21-04-2023 22:23:59.460 [main] INFO  o.a.catalina.core.StandardEngine.log - Starting Servlet engine: [Apache Tomcat/9.0.68]
21-04-2023 22:23:59.774 [main] INFO  o.a.c.c.C.[Tomcat].[localhost].[/].log - Initializing Spring embedded WebApplicationContext
21-04-2023 22:23:59.774 [main] INFO  o.s.b.w.s.c.ServletWebServerApplicationContext.prepareWebApplicationContext - Root WebApplicationContext: initialization completed in 4010 ms
21-04-2023 22:24:00.167 [main] INFO  com.zaxxer.hikari.HikariDataSource.getConnection - HikariPool-1 - Starting...
21-04-2023 22:24:00.588 [main] INFO  com.zaxxer.hikari.HikariDataSource.getConnection - HikariPool-1 - Start completed.
21-04-2023 22:24:00.895 [main] INFO  liquibase.database.log - Set default schema name to public
21-04-2023 22:24:01.147 [main] INFO  liquibase.lockservice.log - Successfully acquired change log lock
21-04-2023 22:24:01.821 [main] INFO  liquibase.changelog.log - Creating database history table with name: public.databasechangelog
21-04-2023 22:24:01.835 [main] INFO  liquibase.changelog.log - Reading from public.databasechangelog
21-04-2023 22:24:02.093 [main] INFO  liquibase.changelog.log - Custom SQL executed
21-04-2023 22:24:02.094 [main] INFO  liquibase.changelog.log - ChangeSet db/changelog/table-schema.xml::EXTENSION::andrei ran successfully in 149ms
21-04-2023 22:24:02.105 [main] INFO  liquibase.changelog.log - Custom SQL executed
21-04-2023 22:24:02.106 [main] INFO  liquibase.changelog.log - ChangeSet db/changelog/table-schema.xml::SEQUENCE::andrei ran successfully in 7ms
21-04-2023 22:24:02.124 [main] INFO  liquibase.changelog.log - Table worker created
21-04-2023 22:24:02.126 [main] INFO  liquibase.changelog.log - ChangeSet db/changelog/table-schema.xml::WO_01::andrei ran successfully in 15ms
21-04-2023 22:24:02.131 [main] INFO  liquibase.lockservice.log - Successfully released change log lock
21-04-2023 22:24:02.342 [main] INFO  o.h.jpa.internal.util.LogHelper.logPersistenceUnitInformation - HHH000204: Processing PersistenceUnitInfo [name: default]
21-04-2023 22:24:02.498 [main] INFO  org.hibernate.Version.logVersion - HHH000412: Hibernate ORM core version 5.6.12.Final
21-04-2023 22:24:02.948 [main] INFO  o.h.annotations.common.Version.<clinit> - HCANN000001: Hibernate Commons Annotations {5.1.2.Final}
21-04-2023 22:24:03.211 [main] INFO  org.hibernate.dialect.Dialect.<init> - HHH000400: Using dialect: org.hibernate.dialect.PostgreSQLDialect
21-04-2023 22:24:04.477 [main] INFO  o.h.e.t.j.p.i.JtaPlatformInitiator.initiateService - HHH000490: Using JtaPlatform implementation: [org.hibernate.engine.transaction.jta.platform.internal.NoJtaPlatform]
21-04-2023 22:24:04.495 [main] INFO  o.s.o.j.LocalContainerEntityManagerFactoryBean.buildNativeEntityManagerFactory - Initialized JPA EntityManagerFactory for persistence unit 'default'
21-04-2023 22:24:04.575 [main] WARN  o.s.b.a.o.j.JpaBaseConfiguration$JpaWebConfiguration.openEntityManagerInViewInterceptor - spring.jpa.open-in-view is enabled by default. Therefore, database queries may be performed during view rendering. Explicitly configure spring.jpa.open-in-view to disable this warning
21-04-2023 22:24:10.308 [main] INFO  com.yahoo.elide.Elide.registerCustomSerde - Registering serde for type : class java.time.OffsetDateTime
21-04-2023 22:24:10.309 [main] INFO  com.yahoo.elide.Elide.registerCustomSerde - Registering serde for type : class java.time.Instant
21-04-2023 22:24:10.678 [main] WARN  o.s.b.a.s.s.UserDetailsServiceAutoConfiguration.getOrDeducePassword - 

Using generated security password: f9f888f0-400b-41e4-9cd1-e3cc567f6b25

This generated password is for development use only. Your security configuration must be updated before running your application in production.

21-04-2023 22:24:10.873 [main] INFO  o.s.s.web.DefaultSecurityFilterChain.<init> - Will secure any request with [org.springframework.security.web.session.DisableEncodeUrlFilter@4a29520e, org.springframework.security.web.context.request.async.WebAsyncManagerIntegrationFilter@1b5a3bba, org.springframework.security.web.context.SecurityContextPersistenceFilter@61c946a0, org.springframework.security.web.header.HeaderWriterFilter@2ab40d2d, org.springframework.web.filter.CorsFilter@48632f69, org.springframework.security.web.authentication.logout.LogoutFilter@688e6d4e, org.springframework.security.web.savedrequest.RequestCacheAwareFilter@7a7fdc1a, org.springframework.security.web.servletapi.SecurityContextHolderAwareRequestFilter@5292d417, org.springframework.security.web.authentication.AnonymousAuthenticationFilter@3a9a12a1, org.springframework.security.web.session.SessionManagementFilter@70b67841, org.springframework.security.web.access.ExceptionTranslationFilter@783a35d8, org.springframework.security.web.access.intercept.FilterSecurityInterceptor@3d837af7]
21-04-2023 22:24:11.584 [main] WARN  o.s.b.a.t.ThymeleafAutoConfiguration$DefaultTemplateResolverConfiguration.checkTemplateLocationExists - Cannot find template location: classpath:/templates/ (please add some templates, check your Thymeleaf configuration, or set spring.thymeleaf.check-template-location=false)
21-04-2023 22:24:11.695 [main] INFO  o.a.coyote.http11.Http11NioProtocol.log - Starting ProtocolHandler ["http-nio-8080"]
21-04-2023 22:24:11.746 [main] INFO  o.s.b.w.e.tomcat.TomcatWebServer.start - Tomcat started on port(s): 8080 (http) with context path ''
21-04-2023 22:24:11.996 [main] INFO  ai.openfabric.api.Application.logStarted - Started Application in 17.308 seconds (JVM running for 19.365)
21-04-2023 22:25:26.181 [http-nio-8080-exec-1] INFO  o.a.c.c.C.[Tomcat].[localhost].[/].log - Initializing Spring DispatcherServlet 'dispatcherServlet'
21-04-2023 22:25:26.181 [http-nio-8080-exec-1] INFO  o.s.web.servlet.DispatcherServlet.initServletBean - Initializing Servlet 'dispatcherServlet'
21-04-2023 22:25:26.184 [http-nio-8080-exec-1] INFO  o.s.web.servlet.DispatcherServlet.initServletBean - Completed initialization in 2 ms
21-04-2023 22:36:47.735 [main] INFO  m.p.s.DotenvPropertySource.addToEnvironment - Initializing Dotenv with DotenvConfig{directory=null, filename=null, ignoreIfMalformed=false, ignoreIfMissing=true, systemProperties=false, prefix=null}
21-04-2023 22:36:47.772 [main] INFO  ai.openfabric.api.Application.logStarting - Starting Application using Java 11.0.17 on Kachi with PID 31432 (C:\Users\eonye\OneDrive\Desktop\Essentials\workspace\openfabric-test\openfabric-api\build\classes\java\main started by eonye in C:\Users\eonye\OneDrive\Desktop\Essentials\workspace\openfabric-test)
21-04-2023 22:36:47.773 [main] INFO  ai.openfabric.api.Application.logStartupProfileInfo - The following 2 profiles are active: "base", "local"
21-04-2023 22:36:49.225 [main] INFO  o.s.d.r.c.RepositoryConfigurationDelegate.registerRepositoriesIn - Bootstrapping Spring Data JPA repositories in DEFAULT mode.
21-04-2023 22:36:49.300 [main] INFO  o.s.d.r.c.RepositoryConfigurationDelegate.registerRepositoriesIn - Finished Spring Data repository scanning in 62 ms. Found 1 JPA repository interfaces.
21-04-2023 22:36:50.658 [main] INFO  o.s.b.w.e.tomcat.TomcatWebServer.initialize - Tomcat initialized with port(s): 8080 (http)
21-04-2023 22:36:50.671 [main] INFO  o.a.coyote.http11.Http11NioProtocol.log - Initializing ProtocolHandler ["http-nio-8080"]
21-04-2023 22:36:50.672 [main] INFO  o.a.catalina.core.StandardService.log - Starting service [Tomcat]
21-04-2023 22:36:50.672 [main] INFO  o.a.catalina.core.StandardEngine.log - Starting Servlet engine: [Apache Tomcat/9.0.68]
21-04-2023 22:36:50.832 [main] INFO  o.a.c.c.C.[Tomcat].[localhost].[/].log - Initializing Spring embedded WebApplicationContext
21-04-2023 22:36:50.832 [main] INFO  o.s.b.w.s.c.ServletWebServerApplicationContext.prepareWebApplicationContext - Root WebApplicationContext: initialization completed in 2966 ms
21-04-2023 22:36:51.091 [main] INFO  com.zaxxer.hikari.HikariDataSource.getConnection - HikariPool-1 - Starting...
21-04-2023 22:36:51.313 [main] INFO  com.zaxxer.hikari.HikariDataSource.getConnection - HikariPool-1 - Start completed.
21-04-2023 22:36:51.526 [main] INFO  liquibase.database.log - Set default schema name to public
21-04-2023 22:36:51.647 [main] INFO  liquibase.lockservice.log - Successfully acquired change log lock
21-04-2023 22:36:52.242 [main] INFO  liquibase.changelog.log - Reading from public.databasechangelog
21-04-2023 22:36:52.341 [main] INFO  liquibase.lockservice.log - Successfully released change log lock
21-04-2023 22:36:52.493 [main] INFO  o.h.jpa.internal.util.LogHelper.logPersistenceUnitInformation - HHH000204: Processing PersistenceUnitInfo [name: default]
21-04-2023 22:36:52.567 [main] INFO  org.hibernate.Version.logVersion - HHH000412: Hibernate ORM core version 5.6.12.Final
21-04-2023 22:36:52.822 [main] INFO  o.h.annotations.common.Version.<clinit> - HCANN000001: Hibernate Commons Annotations {5.1.2.Final}
21-04-2023 22:36:52.998 [main] INFO  org.hibernate.dialect.Dialect.<init> - HHH000400: Using dialect: org.hibernate.dialect.PostgreSQLDialect
21-04-2023 22:36:53.914 [main] INFO  o.h.e.t.j.p.i.JtaPlatformInitiator.initiateService - HHH000490: Using JtaPlatform implementation: [org.hibernate.engine.transaction.jta.platform.internal.NoJtaPlatform]
21-04-2023 22:36:53.935 [main] INFO  o.s.o.j.LocalContainerEntityManagerFactoryBean.buildNativeEntityManagerFactory - Initialized JPA EntityManagerFactory for persistence unit 'default'
21-04-2023 22:36:53.993 [main] WARN  o.s.b.a.o.j.JpaBaseConfiguration$JpaWebConfiguration.openEntityManagerInViewInterceptor - spring.jpa.open-in-view is enabled by default. Therefore, database queries may be performed during view rendering. Explicitly configure spring.jpa.open-in-view to disable this warning
21-04-2023 22:36:58.904 [main] INFO  com.yahoo.elide.Elide.registerCustomSerde - Registering serde for type : class java.time.Instant
21-04-2023 22:36:58.904 [main] INFO  com.yahoo.elide.Elide.registerCustomSerde - Registering serde for type : class java.time.OffsetDateTime
21-04-2023 22:36:59.145 [main] WARN  o.s.b.a.s.s.UserDetailsServiceAutoConfiguration.getOrDeducePassword - 

Using generated security password: 25dba2dd-a3c5-4c03-b662-ca19fb34a232

This generated password is for development use only. Your security configuration must be updated before running your application in production.

21-04-2023 22:36:59.296 [main] INFO  o.s.s.web.DefaultSecurityFilterChain.<init> - Will secure any request with [org.springframework.security.web.session.DisableEncodeUrlFilter@2850fe85, org.springframework.security.web.context.request.async.WebAsyncManagerIntegrationFilter@6c7f3af6, org.springframework.security.web.context.SecurityContextPersistenceFilter@1fcb01f8, org.springframework.security.web.header.HeaderWriterFilter@4f74edbf, org.springframework.web.filter.CorsFilter@48632f69, org.springframework.security.web.authentication.logout.LogoutFilter@5292d417, org.springframework.security.web.savedrequest.RequestCacheAwareFilter@63ee2891, org.springframework.security.web.servletapi.SecurityContextHolderAwareRequestFilter@16d31c48, org.springframework.security.web.authentication.AnonymousAuthenticationFilter@3285c141, org.springframework.security.web.session.SessionManagementFilter@75f67fe5, org.springframework.security.web.access.ExceptionTranslationFilter@62604ed4, org.springframework.security.web.access.intercept.FilterSecurityInterceptor@2527765a]
21-04-2023 22:36:59.902 [main] WARN  o.s.b.a.t.ThymeleafAutoConfiguration$DefaultTemplateResolverConfiguration.checkTemplateLocationExists - Cannot find template location: classpath:/templates/ (please add some templates, check your Thymeleaf configuration, or set spring.thymeleaf.check-template-location=false)
21-04-2023 22:36:59.990 [main] INFO  o.a.coyote.http11.Http11NioProtocol.log - Starting ProtocolHandler ["http-nio-8080"]
21-04-2023 22:37:00.028 [main] INFO  o.s.b.w.e.tomcat.TomcatWebServer.start - Tomcat started on port(s): 8080 (http) with context path ''
21-04-2023 22:37:00.206 [main] INFO  ai.openfabric.api.Application.logStarted - Started Application in 13.114 seconds (JVM running for 14.748)
